2015-10-06 23:35:49.0350|INFO|GPK_RePack.Forms.GUI|Startup
2015-10-06 23:36:04.3419|INFO|GPK_RePack.Parser.Reader|Reading: I:\Henry\Projekte\Tera\GPK_RePack\build\S1UI_MainMenu.gpk
2015-10-06 23:36:04.3449|TRACE|GPK_RePack.Parser.Reader|Header start
2015-10-06 23:36:04.3449|INFO|GPK_RePack.Parser.Reader|NameCount 54
2015-10-06 23:36:04.3449|INFO|GPK_RePack.Parser.Reader|NameOffset 109
2015-10-06 23:36:04.3449|INFO|GPK_RePack.Parser.Reader|ExportCount 21
2015-10-06 23:36:04.3449|INFO|GPK_RePack.Parser.Reader|ExportOffset 1491
2015-10-06 23:36:04.3449|INFO|GPK_RePack.Parser.Reader|ImportCount 4
2015-10-06 23:36:04.3449|INFO|GPK_RePack.Parser.Reader|ImportOffset 1379
2015-10-06 23:36:04.3449|INFO|GPK_RePack.Parser.Reader|DependsOffset 2919
2015-10-06 23:36:04.3449|INFO|GPK_RePack.Parser.Reader|Generation 0, ExportCount 21, NameCount 54, NetObjectCount 21
2015-10-06 23:36:04.3449|INFO|GPK_RePack.Parser.Reader|Unk3 4206, Unk4 76, Unk5 0, Unk6 0, EngineVersion -366893279, CookerVersion 0
2015-10-06 23:36:04.3449|INFO|GPK_RePack.Parser.Reader|Reading Namelist at 109....
2015-10-06 23:36:04.3449|DEBUG|GPK_RePack.Parser.Reader|Name 0: ArrayProperty
2015-10-06 23:36:04.3449|DEBUG|GPK_RePack.Parser.Reader|Name 1: BoolProperty
2015-10-06 23:36:04.3449|DEBUG|GPK_RePack.Parser.Reader|Name 2: bUseGFxExport
2015-10-06 23:36:04.3449|DEBUG|GPK_RePack.Parser.Reader|Name 3: bUsesFontlib
2015-10-06 23:36:04.3449|DEBUG|GPK_RePack.Parser.Reader|Name 4: ByteProperty
2015-10-06 23:36:04.3449|DEBUG|GPK_RePack.Parser.Reader|Name 5: Class
2015-10-06 23:36:04.3449|DEBUG|GPK_RePack.Parser.Reader|Name 6: CompressionNone
2015-10-06 23:36:04.3449|DEBUG|GPK_RePack.Parser.Reader|Name 7: Core
2015-10-06 23:36:04.3449|DEBUG|GPK_RePack.Parser.Reader|Name 8: Engine
2015-10-06 23:36:04.3449|DEBUG|GPK_RePack.Parser.Reader|Name 9: Format
2015-10-06 23:36:04.3449|DEBUG|GPK_RePack.Parser.Reader|Name 10: GFxExportCmdLine
2015-10-06 23:36:04.3449|DEBUG|GPK_RePack.Parser.Reader|Name 11: GFxMovieInfo
2015-10-06 23:36:04.3449|DEBUG|GPK_RePack.Parser.Reader|Name 12: GFxUI
2015-10-06 23:36:04.3449|DEBUG|GPK_RePack.Parser.Reader|Name 13: IntProperty
2015-10-06 23:36:04.3449|DEBUG|GPK_RePack.Parser.Reader|Name 14: LODGroup
2015-10-06 23:36:04.3449|DEBUG|GPK_RePack.Parser.Reader|Name 15: MainMenu
2015-10-06 23:36:04.3449|DEBUG|GPK_RePack.Parser.Reader|Name 16: MainMenu_I1
2015-10-06 23:36:04.3449|DEBUG|GPK_RePack.Parser.Reader|Name 17: MainMenu_I14
2015-10-06 23:36:04.3449|DEBUG|GPK_RePack.Parser.Reader|Name 18: MainMenu_I19
2015-10-06 23:36:04.3449|DEBUG|GPK_RePack.Parser.Reader|Name 19: MainMenu_I1B
2015-10-06 23:36:04.3449|DEBUG|GPK_RePack.Parser.Reader|Name 20: MainMenu_I1E
2015-10-06 23:36:04.3449|DEBUG|GPK_RePack.Parser.Reader|Name 21: MainMenu_I27
2015-10-06 23:36:04.3449|DEBUG|GPK_RePack.Parser.Reader|Name 22: MainMenu_I28
2015-10-06 23:36:04.3449|DEBUG|GPK_RePack.Parser.Reader|Name 23: MainMenu_I29
2015-10-06 23:36:04.3449|DEBUG|GPK_RePack.Parser.Reader|Name 24: MainMenu_I32
2015-10-06 23:36:04.3449|DEBUG|GPK_RePack.Parser.Reader|Name 25: MainMenu_I34
2015-10-06 23:36:04.3449|DEBUG|GPK_RePack.Parser.Reader|Name 26: MainMenu_I3B
2015-10-06 23:36:04.3449|DEBUG|GPK_RePack.Parser.Reader|Name 27: MainMenu_I3E
2015-10-06 23:36:04.3449|DEBUG|GPK_RePack.Parser.Reader|Name 28: MainMenu_I49
2015-10-06 23:36:04.3449|DEBUG|GPK_RePack.Parser.Reader|Name 29: MainMenu_I4C
2015-10-06 23:36:04.3449|DEBUG|GPK_RePack.Parser.Reader|Name 30: MainMenu_I4F
2015-10-06 23:36:04.3449|DEBUG|GPK_RePack.Parser.Reader|Name 31: MainMenu_I5
2015-10-06 23:36:04.3449|DEBUG|GPK_RePack.Parser.Reader|Name 32: MainMenu_I6
2015-10-06 23:36:04.3449|DEBUG|GPK_RePack.Parser.Reader|Name 33: MainMenu_IA
2015-10-06 23:36:04.3449|DEBUG|GPK_RePack.Parser.Reader|Name 34: MainMenu_IC
2015-10-06 23:36:04.3449|DEBUG|GPK_RePack.Parser.Reader|Name 35: MainMenu_IF
2015-10-06 23:36:04.3449|DEBUG|GPK_RePack.Parser.Reader|Name 36: MipTailBaseIdx
2015-10-06 23:36:04.3449|DEBUG|GPK_RePack.Parser.Reader|Name 37: NeverStream
2015-10-06 23:36:04.3449|DEBUG|GPK_RePack.Parser.Reader|Name 38: None
2015-10-06 23:36:04.3449|DEBUG|GPK_RePack.Parser.Reader|Name 39: Package
2015-10-06 23:36:04.3449|DEBUG|GPK_RePack.Parser.Reader|Name 40: PF_A8R8G8B8
2015-10-06 23:36:04.3449|DEBUG|GPK_RePack.Parser.Reader|Name 41: PF_DXT5
2015-10-06 23:36:04.3449|DEBUG|GPK_RePack.Parser.Reader|Name 42: RawData
2015-10-06 23:36:04.3449|DEBUG|GPK_RePack.Parser.Reader|Name 43: References
2015-10-06 23:36:04.3449|DEBUG|GPK_RePack.Parser.Reader|Name 44: S1UI_MainMenu
2015-10-06 23:36:04.3449|DEBUG|GPK_RePack.Parser.Reader|Name 45: SizeX
2015-10-06 23:36:04.3449|DEBUG|GPK_RePack.Parser.Reader|Name 46: SizeY
2015-10-06 23:36:04.3449|DEBUG|GPK_RePack.Parser.Reader|Name 47: SourceFile
2015-10-06 23:36:04.3449|DEBUG|GPK_RePack.Parser.Reader|Name 48: SourceFilePath
2015-10-06 23:36:04.3449|DEBUG|GPK_RePack.Parser.Reader|Name 49: SourceFileTimestamp
2015-10-06 23:36:04.3449|DEBUG|GPK_RePack.Parser.Reader|Name 50: SRGB
2015-10-06 23:36:04.3449|DEBUG|GPK_RePack.Parser.Reader|Name 51: StrProperty
2015-10-06 23:36:04.3449|DEBUG|GPK_RePack.Parser.Reader|Name 52: Texture2D
2015-10-06 23:36:04.3449|DEBUG|GPK_RePack.Parser.Reader|Name 53: TEXTUREGROUP_UI
2015-10-06 23:36:04.3589|INFO|GPK_RePack.Parser.Reader|Reading Imports at 1379....
2015-10-06 23:36:04.3589|DEBUG|GPK_RePack.Parser.Reader|Import 0: ClassPackage Core Class: Class Object: Texture2D
2015-10-06 23:36:04.3589|DEBUG|GPK_RePack.Parser.Reader|Import 1: ClassPackage Core Class: Class Object: GFxMovieInfo
2015-10-06 23:36:04.3589|DEBUG|GPK_RePack.Parser.Reader|Import 2: ClassPackage Core Class: Package Object: Engine
2015-10-06 23:36:04.3589|DEBUG|GPK_RePack.Parser.Reader|Import 3: ClassPackage Core Class: Package Object: GFxUI
2015-10-06 23:36:04.3589|INFO|GPK_RePack.Parser.Reader|Reading Exports at 1491....
2015-10-06 23:36:04.3589|DEBUG|GPK_RePack.Parser.Reader|Export 0: ObjectName: MainMenu, Data_Size: 158373, Data_Offset 3003, Export_offset 1559
2015-10-06 23:36:04.3589|DEBUG|GPK_RePack.Parser.Reader|Export 1: ObjectName: MainMenu_I1, Data_Size: 2531, Data_Offset 161376, Export_offset 1627
2015-10-06 23:36:04.3589|DEBUG|GPK_RePack.Parser.Reader|Export 2: ObjectName: MainMenu_I14, Data_Size: 674, Data_Offset 163907, Export_offset 1695
2015-10-06 23:36:04.3589|DEBUG|GPK_RePack.Parser.Reader|Export 3: ObjectName: MainMenu_I19, Data_Size: 5571, Data_Offset 164581, Export_offset 1763
2015-10-06 23:36:04.3589|DEBUG|GPK_RePack.Parser.Reader|Export 4: ObjectName: MainMenu_I1B, Data_Size: 4737, Data_Offset 170152, Export_offset 1831
2015-10-06 23:36:04.3589|DEBUG|GPK_RePack.Parser.Reader|Export 5: ObjectName: MainMenu_I1E, Data_Size: 6780, Data_Offset 174889, Export_offset 1899
2015-10-06 23:36:04.3589|DEBUG|GPK_RePack.Parser.Reader|Export 6: ObjectName: MainMenu_I27, Data_Size: 1033, Data_Offset 181669, Export_offset 1967
2015-10-06 23:36:04.3589|DEBUG|GPK_RePack.Parser.Reader|Export 7: ObjectName: MainMenu_I28, Data_Size: 654, Data_Offset 182702, Export_offset 2035
2015-10-06 23:36:04.3589|DEBUG|GPK_RePack.Parser.Reader|Export 8: ObjectName: MainMenu_I29, Data_Size: 715, Data_Offset 183356, Export_offset 2103
2015-10-06 23:36:04.3589|DEBUG|GPK_RePack.Parser.Reader|Export 9: ObjectName: MainMenu_I32, Data_Size: 729, Data_Offset 184071, Export_offset 2171
2015-10-06 23:36:04.3589|DEBUG|GPK_RePack.Parser.Reader|Export 10: ObjectName: MainMenu_I34, Data_Size: 550, Data_Offset 184800, Export_offset 2239
2015-10-06 23:36:04.3589|DEBUG|GPK_RePack.Parser.Reader|Export 11: ObjectName: MainMenu_I3B, Data_Size: 11215, Data_Offset 185350, Export_offset 2307
2015-10-06 23:36:04.3589|DEBUG|GPK_RePack.Parser.Reader|Export 12: ObjectName: MainMenu_I3E, Data_Size: 3374, Data_Offset 196565, Export_offset 2375
2015-10-06 23:36:04.3589|DEBUG|GPK_RePack.Parser.Reader|Export 13: ObjectName: MainMenu_I49, Data_Size: 33983, Data_Offset 199939, Export_offset 2443
2015-10-06 23:36:04.3589|DEBUG|GPK_RePack.Parser.Reader|Export 14: ObjectName: MainMenu_I4C, Data_Size: 1278, Data_Offset 233922, Export_offset 2511
2015-10-06 23:36:04.3589|DEBUG|GPK_RePack.Parser.Reader|Export 15: ObjectName: MainMenu_I4F, Data_Size: 1271, Data_Offset 235200, Export_offset 2579
2015-10-06 23:36:04.3589|DEBUG|GPK_RePack.Parser.Reader|Export 16: ObjectName: MainMenu_I5, Data_Size: 749, Data_Offset 236471, Export_offset 2647
2015-10-06 23:36:04.3589|DEBUG|GPK_RePack.Parser.Reader|Export 17: ObjectName: MainMenu_I6, Data_Size: 21949, Data_Offset 237220, Export_offset 2715
2015-10-06 23:36:04.3589|DEBUG|GPK_RePack.Parser.Reader|Export 18: ObjectName: MainMenu_IA, Data_Size: 2672, Data_Offset 259169, Export_offset 2783
2015-10-06 23:36:04.3589|DEBUG|GPK_RePack.Parser.Reader|Export 19: ObjectName: MainMenu_IC, Data_Size: 3773, Data_Offset 261841, Export_offset 2851
2015-10-06 23:36:04.3589|DEBUG|GPK_RePack.Parser.Reader|Export 20: ObjectName: MainMenu_IF, Data_Size: 1108, Data_Offset 265614, Export_offset 2919
2015-10-06 23:36:04.3589|INFO|GPK_RePack.Parser.Reader|Postprocessing Exports..
2015-10-06 23:36:04.3749|INFO|GPK_RePack.Parser.Reader|Reading ExportsData....
2015-10-06 23:36:04.5079|DEBUG|GPK_RePack.Parser.Reader|Export MainMenu: Read Data (0 bytes) and 6 Properties (158373 bytes)
2015-10-06 23:36:04.5079|DEBUG|GPK_RePack.Parser.Reader|Export MainMenu_I1: Read Data (2185 bytes) and 9 Properties (346 bytes)
2015-10-06 23:36:04.5079|DEBUG|GPK_RePack.Parser.Reader|Export MainMenu_I14: Read Data (327 bytes) and 9 Properties (347 bytes)
2015-10-06 23:36:04.5079|DEBUG|GPK_RePack.Parser.Reader|Export MainMenu_I19: Read Data (5224 bytes) and 9 Properties (347 bytes)
2015-10-06 23:36:04.5079|DEBUG|GPK_RePack.Parser.Reader|Export MainMenu_I1B: Read Data (4390 bytes) and 9 Properties (347 bytes)
2015-10-06 23:36:04.5079|DEBUG|GPK_RePack.Parser.Reader|Export MainMenu_I1E: Read Data (6433 bytes) and 9 Properties (347 bytes)
2015-10-06 23:36:04.5079|DEBUG|GPK_RePack.Parser.Reader|Export MainMenu_I27: Read Data (658 bytes) and 10 Properties (375 bytes)
2015-10-06 23:36:04.5079|DEBUG|GPK_RePack.Parser.Reader|Export MainMenu_I28: Read Data (279 bytes) and 10 Properties (375 bytes)
2015-10-06 23:36:04.5079|DEBUG|GPK_RePack.Parser.Reader|Export MainMenu_I29: Read Data (368 bytes) and 9 Properties (347 bytes)
2015-10-06 23:36:04.5079|DEBUG|GPK_RePack.Parser.Reader|Export MainMenu_I32: Read Data (382 bytes) and 9 Properties (347 bytes)
2015-10-06 23:36:04.5079|DEBUG|GPK_RePack.Parser.Reader|Export MainMenu_I34: Read Data (203 bytes) and 9 Properties (347 bytes)
2015-10-06 23:36:04.5079|DEBUG|GPK_RePack.Parser.Reader|Export MainMenu_I3B: Read Data (10868 bytes) and 9 Properties (347 bytes)
2015-10-06 23:36:04.5079|DEBUG|GPK_RePack.Parser.Reader|Export MainMenu_I3E: Read Data (3027 bytes) and 9 Properties (347 bytes)
2015-10-06 23:36:04.5079|DEBUG|GPK_RePack.Parser.Reader|Export MainMenu_I49: Read Data (33636 bytes) and 9 Properties (347 bytes)
2015-10-06 23:36:04.5079|DEBUG|GPK_RePack.Parser.Reader|Export MainMenu_I4C: Read Data (931 bytes) and 9 Properties (347 bytes)
2015-10-06 23:36:04.5079|DEBUG|GPK_RePack.Parser.Reader|Export MainMenu_I4F: Read Data (924 bytes) and 9 Properties (347 bytes)
2015-10-06 23:36:04.5079|DEBUG|GPK_RePack.Parser.Reader|Export MainMenu_I5: Read Data (403 bytes) and 9 Properties (346 bytes)
2015-10-06 23:36:04.5079|DEBUG|GPK_RePack.Parser.Reader|Export MainMenu_I6: Read Data (21603 bytes) and 9 Properties (346 bytes)
2015-10-06 23:36:04.5079|DEBUG|GPK_RePack.Parser.Reader|Export MainMenu_IA: Read Data (2326 bytes) and 9 Properties (346 bytes)
2015-10-06 23:36:04.5079|DEBUG|GPK_RePack.Parser.Reader|Export MainMenu_IC: Read Data (3427 bytes) and 9 Properties (346 bytes)
2015-10-06 23:36:04.5079|DEBUG|GPK_RePack.Parser.Reader|Export MainMenu_IF: Read Data (734 bytes) and 10 Properties (374 bytes)
2015-10-06 23:36:04.5079|INFO|GPK_RePack.Parser.Reader|Reading of I:\Henry\Projekte\Tera\GPK_RePack\build\S1UI_MainMenu.gpk complete, took 168ms!
